<?xml version="1.0" encoding="UTF-8" ?>
<testsuite failures="0" time="0.478" errors="0" skipped="0" tests="6" name="org.prolog4j.ProverTest">
  <properties>
[...]
</properties>
  <testcase time="0.018" classname="org.prolog4j.ProverTest" name="testIsSuccess"/>
  <testcase time="0.002" classname="org.prolog4j.ProverTest" name="testIterable"/>
  <testcase time="0.001" classname="org.prolog4j.ProverTest" name="testIsMember"/>
  <testcase time="0.002" classname="org.prolog4j.ProverTest" name="testTestOn"/>
  <testcase time="0.001" classname="org.prolog4j.ProverTest" name="testTestArrayResult"/>
  <testcase time="0" classname="org.prolog4j.ProverTest" name="testTestListResult"/>
</testsuite>